<?xml version="1.0" encoding="UTF-8"?>
<!-- Generated by org.testng.reporters.JUnitXMLReporter -->
<testsuite hostname="BAKORAPA-IN" ignored="0" name="Demo Cart Feature Testing - Accounts Page " tests="4" failures="0" timestamp="17 Jun 2021 06:03:17 GMT" time="39.015" errors="0">
  <testcase name="accSectionsListTest" time="1.05" classname="com.qa.opencart.Tests.AccountsPageTest"/>
  <testcase name="verifyAccPageHeaderTest" time="2.195" classname="com.qa.opencart.Tests.AccountsPageTest"/>
  <testcase name="verifyAccPageTitleTest" time="0.054" classname="com.qa.opencart.Tests.AccountsPageTest"/>
  <testcase name="verifyLogoutLinkTest" time="3.088" classname="com.qa.opencart.Tests.AccountsPageTest"/>
</testsuite> <!-- Demo Cart Feature Testing - Accounts Page  -->
