<?xml version="1.0" encoding="UTF-8"?>
<!-- Generated by org.testng.reporters.JUnitXMLReporter -->
<testsuite hostname="BAKORAPA-IN" ignored="2" name="Demo Cart Feature Testing - Product page" tests="3" failures="0" timestamp="04 Jun 2021 10:10:52 GMT" time="30.454" errors="0">
  <testcase name="productCountTest" time="4.726" classname="com.qa.opencart.Tests.ProductPageTest"/>
  <testcase name="productCountTest" time="5.55" classname="com.qa.opencart.Tests.ProductPageTest"/>
  <testcase name="productCountTest" time="5.476" classname="com.qa.opencart.Tests.ProductPageTest"/>
  <testcase name="captureProductDetails" time="0.0" classname="com.qa.opencart.Tests.ProductPageTest">
    <ignored/>
  </testcase> <!-- captureProductDetails -->
  <testcase name="productImagesTest" time="0.0" classname="com.qa.opencart.Tests.ProductPageTest">
    <ignored/>
  </testcase> <!-- productImagesTest -->
</testsuite> <!-- Demo Cart Feature Testing - Product page -->
