<?xml version="1.0" encoding="UTF-8"?>
<!-- Generated by org.testng.reporters.JUnitXMLReporter -->
<testsuite hostname="BAKORAPA-IN" ignored="0" name="Demo Cart Feature Testing - login" tests="7" failures="0" timestamp="04 Jun 2021 10:28:56 GMT" time="45.397" errors="0">
  <testcase name="loginNegativeTest" time="8.188" classname="com.qa.opencart.Tests.LoginPageTest"/>
  <testcase name="loginNegativeTest" time="9.159" classname="com.qa.opencart.Tests.LoginPageTest"/>
  <testcase name="loginNegativeTest" time="9.879" classname="com.qa.opencart.Tests.LoginPageTest"/>
  <testcase name="verifyTitleTest" time="0.079" classname="com.qa.opencart.Tests.LoginPageTest"/>
  <testcase name="verifyUrlTest" time="0.031" classname="com.qa.opencart.Tests.LoginPageTest"/>
  <testcase name="verifyForgotPwdLinkTest" time="2.03" classname="com.qa.opencart.Tests.LoginPageTest"/>
  <testcase name="loginToApplication" time="9.474" classname="com.qa.opencart.Tests.LoginPageTest"/>
</testsuite> <!-- Demo Cart Feature Testing - login -->
